<?xml version="1.0" encoding="UTF-8"?>
<testsuite xmlns:xsi="http://www.w3.org/2001/XMLSchema-instance" xsi:schemaLocation="https://maven.apache.org/surefire/maven-surefire-plugin/xsd/surefire-test-report.xsd" name="org.apache.commons.lang3.ConversionTest" time="0.018" tests="42" errors="0" skipped="0" failures="0">
  <properties>
    <property name="java.runtime.name" value="Java(TM) SE Runtime Environment"/>
    <property name="sun.boot.library.path" value="/Library/Java/JavaVirtualMachines/jdk1.8.0_181.jdk/Contents/Home/jre/lib"/>
    <property name="java.vm.version" value="25.181-b13"/>
    <property name="gopherProxySet" value="false"/>
    <property name="java.vm.vendor" value="Oracle Corporation"/>
    <property name="maven.multiModuleProjectDirectory" value="/Users/qianqianzhu/phd/testability/ast/project/commons-lang-LANG_3_7"/>
    <property name="java.vendor.url" value="http://java.oracle.com/"/>
    <property name="path.separator" value=":"/>
    <property name="guice.disable.misplaced.annotation.check" value="true"/>
    <property name="java.vm.name" value="Java HotSpot(TM) 64-Bit Server VM"/>
    <property name="file.encoding.pkg" value="sun.io"/>
    <property name="user.country" value="NL"/>
    <property name="sun.java.launcher" value="SUN_STANDARD"/>
    <property name="sun.os.patch.level" value="unknown"/>
    <property name="java.vm.specification.name" value="Java Virtual Machine Specification"/>
    <property name="user.dir" value="/Users/qianqianzhu/phd/testability/ast/project/commons-lang-LANG_3_7"/>
    <property name="java.runtime.version" value="1.8.0_181-b13"/>
    <property name="java.awt.graphicsenv" value="sun.awt.CGraphicsEnvironment"/>
    <property name="java.endorsed.dirs" value="/Library/Java/JavaVirtualMachines/jdk1.8.0_181.jdk/Contents/Home/jre/lib/endorsed"/>
    <property name="os.arch" value="x86_64"/>
    <property name="java.io.tmpdir" value="/var/folders/9h/p56gkrb53hv983vj077k6tbr0000gn/T/"/>
    <property name="line.separator" value="&#10;"/>
    <property name="java.vm.specification.vendor" value="Oracle Corporation"/>
    <property name="os.name" value="Mac OS X"/>
    <property name="classworlds.conf" value="/usr/local/Cellar/maven/3.5.4/libexec/bin/m2.conf"/>
    <property name="sun.jnu.encoding" value="UTF-8"/>
    <property name="java.library.path" value="/Users/qianqianzhu/Library/Java/Extensions:/Library/Java/Extensions:/Network/Library/Java/Extensions:/System/Library/Java/Extensions:/usr/lib/java:."/>
    <property name="maven.conf" value="/usr/local/Cellar/maven/3.5.4/libexec/conf"/>
    <property name="java.specification.name" value="Java Platform API Specification"/>
    <property name="java.class.version" value="52.0"/>
    <property name="sun.management.compiler" value="HotSpot 64-Bit Tiered Compilers"/>
    <property name="os.version" value="10.13.6"/>
    <property name="library.jansi.path" value="/usr/local/Cellar/maven/3.5.4/libexec/lib/jansi-native"/>
    <property name="http.nonProxyHosts" value="local|*.local|169.254/16|*.169.254/16"/>
    <property name="user.home" value="/Users/qianqianzhu"/>
    <property name="user.timezone" value="Europe/Amsterdam"/>
    <property name="java.awt.printerjob" value="sun.lwawt.macosx.CPrinterJob"/>
    <property name="java.specification.version" value="1.8"/>
    <property name="file.encoding" value="UTF-8"/>
    <property name="user.name" value="qianqianzhu"/>
    <property name="java.class.path" value="/usr/local/Cellar/maven/3.5.4/libexec/boot/plexus-classworlds-2.5.2.jar"/>
    <property name="java.vm.specification.version" value="1.8"/>
    <property name="sun.arch.data.model" value="64"/>
    <property name="java.home" value="/Library/Java/JavaVirtualMachines/jdk1.8.0_181.jdk/Contents/Home/jre"/>
    <property name="sun.java.command" value="org.codehaus.plexus.classworlds.launcher.Launcher package"/>
    <property name="java.specification.vendor" value="Oracle Corporation"/>
    <property name="user.language" value="en"/>
    <property name="awt.toolkit" value="sun.lwawt.macosx.LWCToolkit"/>
    <property name="java.vm.info" value="mixed mode"/>
    <property name="java.version" value="1.8.0_181"/>
    <property name="java.ext.dirs" value="/Users/qianqianzhu/Library/Java/Extensions:/Library/Java/JavaVirtualMachines/jdk1.8.0_181.jdk/Contents/Home/jre/lib/ext:/Library/Java/Extensions:/Network/Library/Java/Extensions:/System/Library/Java/Extensions:/usr/lib/java"/>
    <property name="sun.boot.class.path" value="/Library/Java/JavaVirtualMachines/jdk1.8.0_181.jdk/Contents/Home/jre/lib/resources.jar:/Library/Java/JavaVirtualMachines/jdk1.8.0_181.jdk/Contents/Home/jre/lib/rt.jar:/Library/Java/JavaVirtualMachines/jdk1.8.0_181.jdk/Contents/Home/jre/lib/sunrsasign.jar:/Library/Java/JavaVirtualMachines/jdk1.8.0_181.jdk/Contents/Home/jre/lib/jsse.jar:/Library/Java/JavaVirtualMachines/jdk1.8.0_181.jdk/Contents/Home/jre/lib/jce.jar:/Library/Java/JavaVirtualMachines/jdk1.8.0_181.jdk/Contents/Home/jre/lib/charsets.jar:/Library/Java/JavaVirtualMachines/jdk1.8.0_181.jdk/Contents/Home/jre/lib/jfr.jar:/Library/Java/JavaVirtualMachines/jdk1.8.0_181.jdk/Contents/Home/jre/classes"/>
    <property name="java.vendor" value="Oracle Corporation"/>
    <property name="maven.home" value="/usr/local/Cellar/maven/3.5.4/libexec"/>
    <property name="file.separator" value="/"/>
    <property name="java.vendor.url.bug" value="http://bugreport.sun.com/bugreport/"/>
    <property name="sun.cpu.endian" value="little"/>
    <property name="sun.io.unicode.encoding" value="UnicodeBig"/>
    <property name="socksNonProxyHosts" value="local|*.local|169.254/16|*.169.254/16"/>
    <property name="ftp.nonProxyHosts" value="local|*.local|169.254/16|*.169.254/16"/>
    <property name="sun.cpu.isalist" value=""/>
  </properties>
  <testcase name="testBinaryToHexDigit" classname="org.apache.commons.lang3.ConversionTest" time="0.002"/>
  <testcase name="testIntToBinary" classname="org.apache.commons.lang3.ConversionTest" time="0"/>
  <testcase name="testShortArrayToInt" classname="org.apache.commons.lang3.ConversionTest" time="0"/>
  <testcase name="testBinaryToHexDigit_2args" classname="org.apache.commons.lang3.ConversionTest" time="0"/>
  <testcase name="testBinaryBeMsb0ToHexDigit_2args" classname="org.apache.commons.lang3.ConversionTest" time="0"/>
  <testcase name="testByteToHex" classname="org.apache.commons.lang3.ConversionTest" time="0.001"/>
  <testcase name="testBinaryBeMsb0ToHexDigit" classname="org.apache.commons.lang3.ConversionTest" time="0"/>
  <testcase name="testBinaryToShort" classname="org.apache.commons.lang3.ConversionTest" time="0"/>
  <testcase name="testShortToBinary" classname="org.apache.commons.lang3.ConversionTest" time="0"/>
  <testcase name="testBinaryToHexDigitMsb0_bits" classname="org.apache.commons.lang3.ConversionTest" time="0"/>
  <testcase name="testHexToByte" classname="org.apache.commons.lang3.ConversionTest" time="0"/>
  <testcase name="testHexToLong" classname="org.apache.commons.lang3.ConversionTest" time="0"/>
  <testcase name="testShortArrayToLong" classname="org.apache.commons.lang3.ConversionTest" time="0"/>
  <testcase name="testByteArrayToLong" classname="org.apache.commons.lang3.ConversionTest" time="0"/>
  <testcase name="testByteArrayToUuid" classname="org.apache.commons.lang3.ConversionTest" time="0.001"/>
  <testcase name="testLongToShortArray" classname="org.apache.commons.lang3.ConversionTest" time="0"/>
  <testcase name="testHexDigitMsb0ToBinary" classname="org.apache.commons.lang3.ConversionTest" time="0.001"/>
  <testcase name="testUuidToByteArray" classname="org.apache.commons.lang3.ConversionTest" time="0"/>
  <testcase name="testIntToShortArray" classname="org.apache.commons.lang3.ConversionTest" time="0"/>
  <testcase name="testIntArrayToLong" classname="org.apache.commons.lang3.ConversionTest" time="0"/>
  <testcase name="testHexDigitMsb0ToInt" classname="org.apache.commons.lang3.ConversionTest" time="0"/>
  <testcase name="testShortToByteArray" classname="org.apache.commons.lang3.ConversionTest" time="0"/>
  <testcase name="testHexDigitToBinary" classname="org.apache.commons.lang3.ConversionTest" time="0"/>
  <testcase name="testHexToInt" classname="org.apache.commons.lang3.ConversionTest" time="0"/>
  <testcase name="testIntToByteArray" classname="org.apache.commons.lang3.ConversionTest" time="0"/>
  <testcase name="testIntToHexDigitMsb0" classname="org.apache.commons.lang3.ConversionTest" time="0"/>
  <testcase name="testLongToByteArray" classname="org.apache.commons.lang3.ConversionTest" time="0"/>
  <testcase name="testLongToBinary" classname="org.apache.commons.lang3.ConversionTest" time="0.001"/>
  <testcase name="testHexDigitToInt" classname="org.apache.commons.lang3.ConversionTest" time="0"/>
  <testcase name="testLongToHex" classname="org.apache.commons.lang3.ConversionTest" time="0"/>
  <testcase name="testShortToHex" classname="org.apache.commons.lang3.ConversionTest" time="0"/>
  <testcase name="testLongToIntArray" classname="org.apache.commons.lang3.ConversionTest" time="0"/>
  <testcase name="testByteToBinary" classname="org.apache.commons.lang3.ConversionTest" time="0"/>
  <testcase name="testBinaryToByte" classname="org.apache.commons.lang3.ConversionTest" time="0"/>
  <testcase name="testBinaryToLong" classname="org.apache.commons.lang3.ConversionTest" time="0"/>
  <testcase name="testIntToHex" classname="org.apache.commons.lang3.ConversionTest" time="0"/>
  <testcase name="testByteArrayToInt" classname="org.apache.commons.lang3.ConversionTest" time="0"/>
  <testcase name="testHexToShort" classname="org.apache.commons.lang3.ConversionTest" time="0"/>
  <testcase name="testIntToHexDigit" classname="org.apache.commons.lang3.ConversionTest" time="0"/>
  <testcase name="testBinaryToHexDigitMsb0_4bits_2args" classname="org.apache.commons.lang3.ConversionTest" time="0.001"/>
  <testcase name="testByteArrayToShort" classname="org.apache.commons.lang3.ConversionTest" time="0.001"/>
  <testcase name="testBinaryToInt" classname="org.apache.commons.lang3.ConversionTest" time="0"/>
</testsuite>