<?xml version="1.0" encoding="UTF-8"?>
<testsuite xmlns:xsi="http://www.w3.org/2001/XMLSchema-instance" xsi:schemaLocation="https://maven.apache.org/surefire/maven-surefire-plugin/xsd/surefire-test-report.xsd" name="org.apache.commons.lang3.ArrayUtilsRemoveMultipleTest" time="0.007" tests="55" errors="0" skipped="0" failures="0">
  <properties>
    <property name="java.runtime.name" value="Java(TM) SE Runtime Environment"/>
    <property name="sun.boot.library.path" value="/Library/Java/JavaVirtualMachines/jdk1.8.0_181.jdk/Contents/Home/jre/lib"/>
    <property name="java.vm.version" value="25.181-b13"/>
    <property name="gopherProxySet" value="false"/>
    <property name="java.vm.vendor" value="Oracle Corporation"/>
    <property name="maven.multiModuleProjectDirectory" value="/Users/qianqianzhu/phd/testability/ast/project/commons-lang-LANG_3_7"/>
    <property name="java.vendor.url" value="http://java.oracle.com/"/>
    <property name="path.separator" value=":"/>
    <property name="guice.disable.misplaced.annotation.check" value="true"/>
    <property name="java.vm.name" value="Java HotSpot(TM) 64-Bit Server VM"/>
    <property name="file.encoding.pkg" value="sun.io"/>
    <property name="user.country" value="NL"/>
    <property name="sun.java.launcher" value="SUN_STANDARD"/>
    <property name="sun.os.patch.level" value="unknown"/>
    <property name="java.vm.specification.name" value="Java Virtual Machine Specification"/>
    <property name="user.dir" value="/Users/qianqianzhu/phd/testability/ast/project/commons-lang-LANG_3_7"/>
    <property name="java.runtime.version" value="1.8.0_181-b13"/>
    <property name="java.awt.graphicsenv" value="sun.awt.CGraphicsEnvironment"/>
    <property name="java.endorsed.dirs" value="/Library/Java/JavaVirtualMachines/jdk1.8.0_181.jdk/Contents/Home/jre/lib/endorsed"/>
    <property name="os.arch" value="x86_64"/>
    <property name="java.io.tmpdir" value="/var/folders/9h/p56gkrb53hv983vj077k6tbr0000gn/T/"/>
    <property name="line.separator" value="&#10;"/>
    <property name="java.vm.specification.vendor" value="Oracle Corporation"/>
    <property name="os.name" value="Mac OS X"/>
    <property name="classworlds.conf" value="/usr/local/Cellar/maven/3.5.4/libexec/bin/m2.conf"/>
    <property name="sun.jnu.encoding" value="UTF-8"/>
    <property name="java.library.path" value="/Users/qianqianzhu/Library/Java/Extensions:/Library/Java/Extensions:/Network/Library/Java/Extensions:/System/Library/Java/Extensions:/usr/lib/java:."/>
    <property name="maven.conf" value="/usr/local/Cellar/maven/3.5.4/libexec/conf"/>
    <property name="java.specification.name" value="Java Platform API Specification"/>
    <property name="java.class.version" value="52.0"/>
    <property name="sun.management.compiler" value="HotSpot 64-Bit Tiered Compilers"/>
    <property name="os.version" value="10.13.6"/>
    <property name="library.jansi.path" value="/usr/local/Cellar/maven/3.5.4/libexec/lib/jansi-native"/>
    <property name="http.nonProxyHosts" value="local|*.local|169.254/16|*.169.254/16"/>
    <property name="user.home" value="/Users/qianqianzhu"/>
    <property name="user.timezone" value="Europe/Amsterdam"/>
    <property name="java.awt.printerjob" value="sun.lwawt.macosx.CPrinterJob"/>
    <property name="java.specification.version" value="1.8"/>
    <property name="file.encoding" value="UTF-8"/>
    <property name="user.name" value="qianqianzhu"/>
    <property name="java.class.path" value="/usr/local/Cellar/maven/3.5.4/libexec/boot/plexus-classworlds-2.5.2.jar"/>
    <property name="java.vm.specification.version" value="1.8"/>
    <property name="sun.arch.data.model" value="64"/>
    <property name="java.home" value="/Library/Java/JavaVirtualMachines/jdk1.8.0_181.jdk/Contents/Home/jre"/>
    <property name="sun.java.command" value="org.codehaus.plexus.classworlds.launcher.Launcher package"/>
    <property name="java.specification.vendor" value="Oracle Corporation"/>
    <property name="user.language" value="en"/>
    <property name="awt.toolkit" value="sun.lwawt.macosx.LWCToolkit"/>
    <property name="java.vm.info" value="mixed mode"/>
    <property name="java.version" value="1.8.0_181"/>
    <property name="java.ext.dirs" value="/Users/qianqianzhu/Library/Java/Extensions:/Library/Java/JavaVirtualMachines/jdk1.8.0_181.jdk/Contents/Home/jre/lib/ext:/Library/Java/Extensions:/Network/Library/Java/Extensions:/System/Library/Java/Extensions:/usr/lib/java"/>
    <property name="sun.boot.class.path" value="/Library/Java/JavaVirtualMachines/jdk1.8.0_181.jdk/Contents/Home/jre/lib/resources.jar:/Library/Java/JavaVirtualMachines/jdk1.8.0_181.jdk/Contents/Home/jre/lib/rt.jar:/Library/Java/JavaVirtualMachines/jdk1.8.0_181.jdk/Contents/Home/jre/lib/sunrsasign.jar:/Library/Java/JavaVirtualMachines/jdk1.8.0_181.jdk/Contents/Home/jre/lib/jsse.jar:/Library/Java/JavaVirtualMachines/jdk1.8.0_181.jdk/Contents/Home/jre/lib/jce.jar:/Library/Java/JavaVirtualMachines/jdk1.8.0_181.jdk/Contents/Home/jre/lib/charsets.jar:/Library/Java/JavaVirtualMachines/jdk1.8.0_181.jdk/Contents/Home/jre/lib/jfr.jar:/Library/Java/JavaVirtualMachines/jdk1.8.0_181.jdk/Contents/Home/jre/classes"/>
    <property name="java.vendor" value="Oracle Corporation"/>
    <property name="maven.home" value="/usr/local/Cellar/maven/3.5.4/libexec"/>
    <property name="file.separator" value="/"/>
    <property name="java.vendor.url.bug" value="http://bugreport.sun.com/bugreport/"/>
    <property name="sun.cpu.endian" value="little"/>
    <property name="sun.io.unicode.encoding" value="UnicodeBig"/>
    <property name="socksNonProxyHosts" value="local|*.local|169.254/16|*.169.254/16"/>
    <property name="ftp.nonProxyHosts" value="local|*.local|169.254/16|*.169.254/16"/>
    <property name="sun.cpu.isalist" value=""/>
  </properties>
  <testcase name="testRemoveAllBooleanArray" classname="org.apache.commons.lang3.ArrayUtilsRemoveMultipleTest" time="0"/>
  <testcase name="testRemoveAllNullShortArray" classname="org.apache.commons.lang3.ArrayUtilsRemoveMultipleTest" time="0"/>
  <testcase name="testRemoveElementsObjectArray" classname="org.apache.commons.lang3.ArrayUtilsRemoveMultipleTest" time="0"/>
  <testcase name="testRemoveAllFloatArrayNegativeIndex" classname="org.apache.commons.lang3.ArrayUtilsRemoveMultipleTest" time="0.001"/>
  <testcase name="testRemoveAllByteArrayRemoveNone" classname="org.apache.commons.lang3.ArrayUtilsRemoveMultipleTest" time="0"/>
  <testcase name="testRemoveAllIntArrayRemoveNone" classname="org.apache.commons.lang3.ArrayUtilsRemoveMultipleTest" time="0"/>
  <testcase name="testRemoveAllLongArrayOutOfBoundsIndex" classname="org.apache.commons.lang3.ArrayUtilsRemoveMultipleTest" time="0"/>
  <testcase name="testRemoveAllShortArrayNegativeIndex" classname="org.apache.commons.lang3.ArrayUtilsRemoveMultipleTest" time="0"/>
  <testcase name="testRemoveAllObjectArrayOutOfBoundsIndex" classname="org.apache.commons.lang3.ArrayUtilsRemoveMultipleTest" time="0"/>
  <testcase name="testRemoveAllDoubleArrayRemoveNone" classname="org.apache.commons.lang3.ArrayUtilsRemoveMultipleTest" time="0"/>
  <testcase name="testRemoveAllNullByteArray" classname="org.apache.commons.lang3.ArrayUtilsRemoveMultipleTest" time="0"/>
  <testcase name="testRemoveElementLongArray" classname="org.apache.commons.lang3.ArrayUtilsRemoveMultipleTest" time="0.001"/>
  <testcase name="testRemoveAllNullDoubleArray" classname="org.apache.commons.lang3.ArrayUtilsRemoveMultipleTest" time="0"/>
  <testcase name="testRemoveAllDoubleArrayOutOfBoundsIndex" classname="org.apache.commons.lang3.ArrayUtilsRemoveMultipleTest" time="0"/>
  <testcase name="testRemoveAllNullObjectArray" classname="org.apache.commons.lang3.ArrayUtilsRemoveMultipleTest" time="0"/>
  <testcase name="testRemoveAllCharArrayRemoveNone" classname="org.apache.commons.lang3.ArrayUtilsRemoveMultipleTest" time="0"/>
  <testcase name="testRemoveAllLongArrayRemoveNone" classname="org.apache.commons.lang3.ArrayUtilsRemoveMultipleTest" time="0"/>
  <testcase name="testRemoveAllObjectArrayNegativeIndex" classname="org.apache.commons.lang3.ArrayUtilsRemoveMultipleTest" time="0"/>
  <testcase name="testRemoveAllShortArrayOutOfBoundsIndex" classname="org.apache.commons.lang3.ArrayUtilsRemoveMultipleTest" time="0.001"/>
  <testcase name="testRemoveElementBooleanArray" classname="org.apache.commons.lang3.ArrayUtilsRemoveMultipleTest" time="0"/>
  <testcase name="testRemoveAllShortArrayRemoveNone" classname="org.apache.commons.lang3.ArrayUtilsRemoveMultipleTest" time="0"/>
  <testcase name="testRemoveAllNumberArray" classname="org.apache.commons.lang3.ArrayUtilsRemoveMultipleTest" time="0"/>
  <testcase name="testRemoveAllCharArray" classname="org.apache.commons.lang3.ArrayUtilsRemoveMultipleTest" time="0"/>
  <testcase name="testRemoveAllFloatArrayOutOfBoundsIndex" classname="org.apache.commons.lang3.ArrayUtilsRemoveMultipleTest" time="0"/>
  <testcase name="testRemoveAllShortArray" classname="org.apache.commons.lang3.ArrayUtilsRemoveMultipleTest" time="0"/>
  <testcase name="testRemoveAllNullBooleanArray" classname="org.apache.commons.lang3.ArrayUtilsRemoveMultipleTest" time="0"/>
  <testcase name="testRemoveAllNullIntArray" classname="org.apache.commons.lang3.ArrayUtilsRemoveMultipleTest" time="0"/>
  <testcase name="testRemoveElementFloatArray" classname="org.apache.commons.lang3.ArrayUtilsRemoveMultipleTest" time="0.001"/>
  <testcase name="testRemoveAllFloatArrayRemoveNone" classname="org.apache.commons.lang3.ArrayUtilsRemoveMultipleTest" time="0"/>
  <testcase name="testRemoveElementIntArray" classname="org.apache.commons.lang3.ArrayUtilsRemoveMultipleTest" time="0"/>
  <testcase name="testRemoveAllNullFloatArray" classname="org.apache.commons.lang3.ArrayUtilsRemoveMultipleTest" time="0"/>
  <testcase name="testRemoveAllBooleanArrayOutOfBoundsIndex" classname="org.apache.commons.lang3.ArrayUtilsRemoveMultipleTest" time="0"/>
  <testcase name="testRemoveAllByteArrayOutOfBoundsIndex" classname="org.apache.commons.lang3.ArrayUtilsRemoveMultipleTest" time="0"/>
  <testcase name="testRemoveAllByteArray" classname="org.apache.commons.lang3.ArrayUtilsRemoveMultipleTest" time="0"/>
  <testcase name="testRemoveElementCharArray" classname="org.apache.commons.lang3.ArrayUtilsRemoveMultipleTest" time="0"/>
  <testcase name="testRemoveAllCharArrayOutOfBoundsIndex" classname="org.apache.commons.lang3.ArrayUtilsRemoveMultipleTest" time="0.001"/>
  <testcase name="testRemoveAllLongArrayNegativeIndex" classname="org.apache.commons.lang3.ArrayUtilsRemoveMultipleTest" time="0"/>
  <testcase name="testRemoveAllCharArrayNegativeIndex" classname="org.apache.commons.lang3.ArrayUtilsRemoveMultipleTest" time="0"/>
  <testcase name="testRemoveAllIntArray" classname="org.apache.commons.lang3.ArrayUtilsRemoveMultipleTest" time="0"/>
  <testcase name="testRemoveAllByteArrayNegativeIndex" classname="org.apache.commons.lang3.ArrayUtilsRemoveMultipleTest" time="0"/>
  <testcase name="testRemoveAllNullLongArray" classname="org.apache.commons.lang3.ArrayUtilsRemoveMultipleTest" time="0"/>
  <testcase name="testRemoveAllIntArrayOutOfBoundsIndex" classname="org.apache.commons.lang3.ArrayUtilsRemoveMultipleTest" time="0"/>
  <testcase name="testRemoveElementByteArray" classname="org.apache.commons.lang3.ArrayUtilsRemoveMultipleTest" time="0"/>
  <testcase name="testRemoveAllBooleanArrayNegativeIndex" classname="org.apache.commons.lang3.ArrayUtilsRemoveMultipleTest" time="0"/>
  <testcase name="testRemoveAllObjectArrayRemoveNone" classname="org.apache.commons.lang3.ArrayUtilsRemoveMultipleTest" time="0.001"/>
  <testcase name="testRemoveAllDoubleArray" classname="org.apache.commons.lang3.ArrayUtilsRemoveMultipleTest" time="0"/>
  <testcase name="testRemoveAllBooleanArrayRemoveNone" classname="org.apache.commons.lang3.ArrayUtilsRemoveMultipleTest" time="0"/>
  <testcase name="testRemoveAllFloatArray" classname="org.apache.commons.lang3.ArrayUtilsRemoveMultipleTest" time="0"/>
  <testcase name="testRemoveAllObjectArray" classname="org.apache.commons.lang3.ArrayUtilsRemoveMultipleTest" time="0"/>
  <testcase name="testRemoveAllIntArrayNegativeIndex" classname="org.apache.commons.lang3.ArrayUtilsRemoveMultipleTest" time="0"/>
  <testcase name="testRemoveAllDoubleArrayNegativeIndex" classname="org.apache.commons.lang3.ArrayUtilsRemoveMultipleTest" time="0"/>
  <testcase name="testRemoveElementDoubleArray" classname="org.apache.commons.lang3.ArrayUtilsRemoveMultipleTest" time="0"/>
  <testcase name="testRemoveAllNullCharArray" classname="org.apache.commons.lang3.ArrayUtilsRemoveMultipleTest" time="0"/>
  <testcase name="testRemoveElementShortArray" classname="org.apache.commons.lang3.ArrayUtilsRemoveMultipleTest" time="0"/>
  <testcase name="testRemoveAllLongArray" classname="org.apache.commons.lang3.ArrayUtilsRemoveMultipleTest" time="0"/>
</testsuite>