<?xml version="1.0" encoding="UTF-8"?>
<testsuite xmlns:xsi="http://www.w3.org/2001/XMLSchema-instance" xsi:schemaLocation="https://maven.apache.org/surefire/maven-surefire-plugin/xsd/surefire-test-report.xsd" name="org.apache.commons.lang3.text.StrBuilderTest" time="0.022" tests="91" errors="0" skipped="0" failures="0">
  <properties>
    <property name="java.runtime.name" value="Java(TM) SE Runtime Environment"/>
    <property name="sun.boot.library.path" value="/Library/Java/JavaVirtualMachines/jdk1.8.0_181.jdk/Contents/Home/jre/lib"/>
    <property name="java.vm.version" value="25.181-b13"/>
    <property name="gopherProxySet" value="false"/>
    <property name="java.vm.vendor" value="Oracle Corporation"/>
    <property name="maven.multiModuleProjectDirectory" value="/Users/qianqianzhu/phd/testability/ast/project/commons-lang-LANG_3_7"/>
    <property name="java.vendor.url" value="http://java.oracle.com/"/>
    <property name="path.separator" value=":"/>
    <property name="guice.disable.misplaced.annotation.check" value="true"/>
    <property name="java.vm.name" value="Java HotSpot(TM) 64-Bit Server VM"/>
    <property name="file.encoding.pkg" value="sun.io"/>
    <property name="user.country" value="NL"/>
    <property name="sun.java.launcher" value="SUN_STANDARD"/>
    <property name="sun.os.patch.level" value="unknown"/>
    <property name="java.vm.specification.name" value="Java Virtual Machine Specification"/>
    <property name="user.dir" value="/Users/qianqianzhu/phd/testability/ast/project/commons-lang-LANG_3_7"/>
    <property name="java.runtime.version" value="1.8.0_181-b13"/>
    <property name="java.awt.graphicsenv" value="sun.awt.CGraphicsEnvironment"/>
    <property name="java.endorsed.dirs" value="/Library/Java/JavaVirtualMachines/jdk1.8.0_181.jdk/Contents/Home/jre/lib/endorsed"/>
    <property name="os.arch" value="x86_64"/>
    <property name="java.io.tmpdir" value="/var/folders/9h/p56gkrb53hv983vj077k6tbr0000gn/T/"/>
    <property name="line.separator" value="&#10;"/>
    <property name="java.vm.specification.vendor" value="Oracle Corporation"/>
    <property name="os.name" value="Mac OS X"/>
    <property name="classworlds.conf" value="/usr/local/Cellar/maven/3.5.4/libexec/bin/m2.conf"/>
    <property name="sun.jnu.encoding" value="UTF-8"/>
    <property name="java.library.path" value="/Users/qianqianzhu/Library/Java/Extensions:/Library/Java/Extensions:/Network/Library/Java/Extensions:/System/Library/Java/Extensions:/usr/lib/java:."/>
    <property name="maven.conf" value="/usr/local/Cellar/maven/3.5.4/libexec/conf"/>
    <property name="java.specification.name" value="Java Platform API Specification"/>
    <property name="java.class.version" value="52.0"/>
    <property name="sun.management.compiler" value="HotSpot 64-Bit Tiered Compilers"/>
    <property name="os.version" value="10.13.6"/>
    <property name="library.jansi.path" value="/usr/local/Cellar/maven/3.5.4/libexec/lib/jansi-native"/>
    <property name="http.nonProxyHosts" value="local|*.local|169.254/16|*.169.254/16"/>
    <property name="user.home" value="/Users/qianqianzhu"/>
    <property name="user.timezone" value="Europe/Amsterdam"/>
    <property name="java.awt.printerjob" value="sun.lwawt.macosx.CPrinterJob"/>
    <property name="java.specification.version" value="1.8"/>
    <property name="file.encoding" value="UTF-8"/>
    <property name="user.name" value="qianqianzhu"/>
    <property name="java.class.path" value="/usr/local/Cellar/maven/3.5.4/libexec/boot/plexus-classworlds-2.5.2.jar"/>
    <property name="java.vm.specification.version" value="1.8"/>
    <property name="sun.arch.data.model" value="64"/>
    <property name="java.home" value="/Library/Java/JavaVirtualMachines/jdk1.8.0_181.jdk/Contents/Home/jre"/>
    <property name="sun.java.command" value="org.codehaus.plexus.classworlds.launcher.Launcher package"/>
    <property name="java.specification.vendor" value="Oracle Corporation"/>
    <property name="user.language" value="en"/>
    <property name="awt.toolkit" value="sun.lwawt.macosx.LWCToolkit"/>
    <property name="java.vm.info" value="mixed mode"/>
    <property name="java.version" value="1.8.0_181"/>
    <property name="java.ext.dirs" value="/Users/qianqianzhu/Library/Java/Extensions:/Library/Java/JavaVirtualMachines/jdk1.8.0_181.jdk/Contents/Home/jre/lib/ext:/Library/Java/Extensions:/Network/Library/Java/Extensions:/System/Library/Java/Extensions:/usr/lib/java"/>
    <property name="sun.boot.class.path" value="/Library/Java/JavaVirtualMachines/jdk1.8.0_181.jdk/Contents/Home/jre/lib/resources.jar:/Library/Java/JavaVirtualMachines/jdk1.8.0_181.jdk/Contents/Home/jre/lib/rt.jar:/Library/Java/JavaVirtualMachines/jdk1.8.0_181.jdk/Contents/Home/jre/lib/sunrsasign.jar:/Library/Java/JavaVirtualMachines/jdk1.8.0_181.jdk/Contents/Home/jre/lib/jsse.jar:/Library/Java/JavaVirtualMachines/jdk1.8.0_181.jdk/Contents/Home/jre/lib/jce.jar:/Library/Java/JavaVirtualMachines/jdk1.8.0_181.jdk/Contents/Home/jre/lib/charsets.jar:/Library/Java/JavaVirtualMachines/jdk1.8.0_181.jdk/Contents/Home/jre/lib/jfr.jar:/Library/Java/JavaVirtualMachines/jdk1.8.0_181.jdk/Contents/Home/jre/classes"/>
    <property name="java.vendor" value="Oracle Corporation"/>
    <property name="maven.home" value="/usr/local/Cellar/maven/3.5.4/libexec"/>
    <property name="file.separator" value="/"/>
    <property name="java.vendor.url.bug" value="http://bugreport.sun.com/bugreport/"/>
    <property name="sun.cpu.endian" value="little"/>
    <property name="sun.io.unicode.encoding" value="UnicodeBig"/>
    <property name="socksNonProxyHosts" value="local|*.local|169.254/16|*.169.254/16"/>
    <property name="ftp.nonProxyHosts" value="local|*.local|169.254/16|*.169.254/16"/>
    <property name="sun.cpu.isalist" value=""/>
  </properties>
  <testcase name="testAsTokenizer" classname="org.apache.commons.lang3.text.StrBuilderTest" time="0.002"/>
  <testcase name="testDeleteFirst_StrMatcher" classname="org.apache.commons.lang3.text.StrBuilderTest" time="0"/>
  <testcase name="testReplaceFirst_StrMatcher_String" classname="org.apache.commons.lang3.text.StrBuilderTest" time="0"/>
  <testcase name="testDeleteAll_String" classname="org.apache.commons.lang3.text.StrBuilderTest" time="0"/>
  <testcase name="testEndsWith" classname="org.apache.commons.lang3.text.StrBuilderTest" time="0"/>
  <testcase name="testGetSetNullText" classname="org.apache.commons.lang3.text.StrBuilderTest" time="0"/>
  <testcase name="testReadFromReaderAppendsToEnd" classname="org.apache.commons.lang3.text.StrBuilderTest" time="0.001"/>
  <testcase name="testIndexOfLang294" classname="org.apache.commons.lang3.text.StrBuilderTest" time="0"/>
  <testcase name="testSubSequenceIntInt" classname="org.apache.commons.lang3.text.StrBuilderTest" time="0"/>
  <testcase name="testGetChars" classname="org.apache.commons.lang3.text.StrBuilderTest" time="0"/>
  <testcase name="testLastIndexOf_String" classname="org.apache.commons.lang3.text.StrBuilderTest" time="0"/>
  <testcase name="testDeleteAll_char" classname="org.apache.commons.lang3.text.StrBuilderTest" time="0"/>
  <testcase name="testReplace_StrMatcher_String_int_int_int_VaryEndIndex" classname="org.apache.commons.lang3.text.StrBuilderTest" time="0"/>
  <testcase name="testLastIndexOf_char_int" classname="org.apache.commons.lang3.text.StrBuilderTest" time="0"/>
  <testcase name="testReadFromReadable" classname="org.apache.commons.lang3.text.StrBuilderTest" time="0.006"/>
  <testcase name="testAppendToStringBuffer" classname="org.apache.commons.lang3.text.StrBuilderTest" time="0"/>
  <testcase name="testClear" classname="org.apache.commons.lang3.text.StrBuilderTest" time="0"/>
  <testcase name="testSize" classname="org.apache.commons.lang3.text.StrBuilderTest" time="0"/>
  <testcase name="testTrim" classname="org.apache.commons.lang3.text.StrBuilderTest" time="0"/>
  <testcase name="testRightString" classname="org.apache.commons.lang3.text.StrBuilderTest" time="0"/>
  <testcase name="testToString" classname="org.apache.commons.lang3.text.StrBuilderTest" time="0"/>
  <testcase name="testConstructors" classname="org.apache.commons.lang3.text.StrBuilderTest" time="0"/>
  <testcase name="testReadFromCharBuffer" classname="org.apache.commons.lang3.text.StrBuilderTest" time="0.001"/>
  <testcase name="testMinimizeCapacity" classname="org.apache.commons.lang3.text.StrBuilderTest" time="0"/>
  <testcase name="testSubstringIntInt" classname="org.apache.commons.lang3.text.StrBuilderTest" time="0"/>
  <testcase name="testLang412Left" classname="org.apache.commons.lang3.text.StrBuilderTest" time="0"/>
  <testcase name="testContains_String" classname="org.apache.commons.lang3.text.StrBuilderTest" time="0"/>
  <testcase name="testEqualsIgnoreCase" classname="org.apache.commons.lang3.text.StrBuilderTest" time="0"/>
  <testcase name="testCapacityAndLength" classname="org.apache.commons.lang3.text.StrBuilderTest" time="0"/>
  <testcase name="testReadFromReadableAppendsToEnd" classname="org.apache.commons.lang3.text.StrBuilderTest" time="0"/>
  <testcase name="testAsReader" classname="org.apache.commons.lang3.text.StrBuilderTest" time="0"/>
  <testcase name="testToStringBuilder" classname="org.apache.commons.lang3.text.StrBuilderTest" time="0"/>
  <testcase name="testReplaceAll_String_String" classname="org.apache.commons.lang3.text.StrBuilderTest" time="0.001"/>
  <testcase name="testAsWriter" classname="org.apache.commons.lang3.text.StrBuilderTest" time="0"/>
  <testcase name="testLang294" classname="org.apache.commons.lang3.text.StrBuilderTest" time="0"/>
  <testcase name="testLang295" classname="org.apache.commons.lang3.text.StrBuilderTest" time="0"/>
  <testcase name="testReplaceAll_char_char" classname="org.apache.commons.lang3.text.StrBuilderTest" time="0"/>
  <testcase name="testLastIndexOf_String_int" classname="org.apache.commons.lang3.text.StrBuilderTest" time="0"/>
  <testcase name="testDeleteCharAt" classname="org.apache.commons.lang3.text.StrBuilderTest" time="0"/>
  <testcase name="testReplaceFirst_String_String" classname="org.apache.commons.lang3.text.StrBuilderTest" time="0"/>
  <testcase name="testContains_char" classname="org.apache.commons.lang3.text.StrBuilderTest" time="0"/>
  <testcase name="testDeleteIntInt" classname="org.apache.commons.lang3.text.StrBuilderTest" time="0.001"/>
  <testcase name="testReplace_StrMatcher_String_int_int_int_VaryCount" classname="org.apache.commons.lang3.text.StrBuilderTest" time="0"/>
  <testcase name="testReplaceFirst_char_char" classname="org.apache.commons.lang3.text.StrBuilderTest" time="0"/>
  <testcase name="testIndexOf_char" classname="org.apache.commons.lang3.text.StrBuilderTest" time="0"/>
  <testcase name="testReplace_int_int_String" classname="org.apache.commons.lang3.text.StrBuilderTest" time="0"/>
  <testcase name="testToCharArray" classname="org.apache.commons.lang3.text.StrBuilderTest" time="0"/>
  <testcase name="testLastIndexOf_StrMatcher" classname="org.apache.commons.lang3.text.StrBuilderTest" time="0"/>
  <testcase name="testIndexOf_StrMatcher_int" classname="org.apache.commons.lang3.text.StrBuilderTest" time="0"/>
  <testcase name="testEnsureCapacity" classname="org.apache.commons.lang3.text.StrBuilderTest" time="0"/>
  <testcase name="testLang412Right" classname="org.apache.commons.lang3.text.StrBuilderTest" time="0"/>
  <testcase name="testDeleteFirst_String" classname="org.apache.commons.lang3.text.StrBuilderTest" time="0"/>
  <testcase name="testAppendToStringBuilder" classname="org.apache.commons.lang3.text.StrBuilderTest" time="0"/>
  <testcase name="testMidString" classname="org.apache.commons.lang3.text.StrBuilderTest" time="0"/>
  <testcase name="testReplaceAll_StrMatcher_String" classname="org.apache.commons.lang3.text.StrBuilderTest" time="0"/>
  <testcase name="testCapacity" classname="org.apache.commons.lang3.text.StrBuilderTest" time="0"/>
  <testcase name="testReadFromCharBufferAppendsToEnd" classname="org.apache.commons.lang3.text.StrBuilderTest" time="0"/>
  <testcase name="testReverse" classname="org.apache.commons.lang3.text.StrBuilderTest" time="0"/>
  <testcase name="testSetCharAt" classname="org.apache.commons.lang3.text.StrBuilderTest" time="0"/>
  <testcase name="testReplace_StrMatcher_String_int_int_int_VaryStartIndex" classname="org.apache.commons.lang3.text.StrBuilderTest" time="0"/>
  <testcase name="testHashCode" classname="org.apache.commons.lang3.text.StrBuilderTest" time="0"/>
  <testcase name="testSubstringInt" classname="org.apache.commons.lang3.text.StrBuilderTest" time="0"/>
  <testcase name="test_LANG_1131_EqualsWithNullStrBuilder" classname="org.apache.commons.lang3.text.StrBuilderTest" time="0"/>
  <testcase name="testSetLength" classname="org.apache.commons.lang3.text.StrBuilderTest" time="0"/>
  <testcase name="testAppendToWriter" classname="org.apache.commons.lang3.text.StrBuilderTest" time="0"/>
  <testcase name="testCharAt" classname="org.apache.commons.lang3.text.StrBuilderTest" time="0"/>
  <testcase name="testReplace_StrMatcher_String_int_int_int_VaryMatcher" classname="org.apache.commons.lang3.text.StrBuilderTest" time="0"/>
  <testcase name="testEquals" classname="org.apache.commons.lang3.text.StrBuilderTest" time="0"/>
  <testcase name="testLastIndexOf_char" classname="org.apache.commons.lang3.text.StrBuilderTest" time="0.001"/>
  <testcase name="testLeftString" classname="org.apache.commons.lang3.text.StrBuilderTest" time="0"/>
  <testcase name="testIndexOf_String_int" classname="org.apache.commons.lang3.text.StrBuilderTest" time="0"/>
  <testcase name="testContains_StrMatcher" classname="org.apache.commons.lang3.text.StrBuilderTest" time="0"/>
  <testcase name="testLength" classname="org.apache.commons.lang3.text.StrBuilderTest" time="0"/>
  <testcase name="testReplace_StrMatcher_String_int_int_int_VaryReplace" classname="org.apache.commons.lang3.text.StrBuilderTest" time="0"/>
  <testcase name="testDeleteFirst_char" classname="org.apache.commons.lang3.text.StrBuilderTest" time="0"/>
  <testcase name="testAppendToCharBuffer" classname="org.apache.commons.lang3.text.StrBuilderTest" time="0"/>
  <testcase name="testDeleteAll_StrMatcher" classname="org.apache.commons.lang3.text.StrBuilderTest" time="0"/>
  <testcase name="testIsEmpty" classname="org.apache.commons.lang3.text.StrBuilderTest" time="0"/>
  <testcase name="testToCharArrayIntInt" classname="org.apache.commons.lang3.text.StrBuilderTest" time="0"/>
  <testcase name="testGetSetNewLineText" classname="org.apache.commons.lang3.text.StrBuilderTest" time="0"/>
  <testcase name="testToStringBuffer" classname="org.apache.commons.lang3.text.StrBuilderTest" time="0.001"/>
  <testcase name="testReadFromReader" classname="org.apache.commons.lang3.text.StrBuilderTest" time="0"/>
  <testcase name="testAsBuilder" classname="org.apache.commons.lang3.text.StrBuilderTest" time="0"/>
  <testcase name="testIndexOf_String" classname="org.apache.commons.lang3.text.StrBuilderTest" time="0"/>
  <testcase name="testIndexOf_char_int" classname="org.apache.commons.lang3.text.StrBuilderTest" time="0"/>
  <testcase name="testGetCharsIntIntCharArrayInt" classname="org.apache.commons.lang3.text.StrBuilderTest" time="0"/>
  <testcase name="testStartsWith" classname="org.apache.commons.lang3.text.StrBuilderTest" time="0"/>
  <testcase name="testIndexOf_StrMatcher" classname="org.apache.commons.lang3.text.StrBuilderTest" time="0"/>
  <testcase name="testAppendCharBuffer" classname="org.apache.commons.lang3.text.StrBuilderTest" time="0"/>
  <testcase name="testLastIndexOf_StrMatcher_int" classname="org.apache.commons.lang3.text.StrBuilderTest" time="0"/>
  <testcase name="testChaining" classname="org.apache.commons.lang3.text.StrBuilderTest" time="0"/>
</testsuite>