<?xml version="1.0" encoding="UTF-8"?>
<testsuite xmlns:xsi="http://www.w3.org/2001/XMLSchema-instance" xsi:schemaLocation="https://maven.apache.org/surefire/maven-surefire-plugin/xsd/surefire-test-report.xsd" name="org.apache.commons.lang3.text.StrSubstitutorTest" time="0.01" tests="41" errors="0" skipped="0" failures="0">
  <properties>
    <property name="java.runtime.name" value="Java(TM) SE Runtime Environment"/>
    <property name="sun.boot.library.path" value="/Library/Java/JavaVirtualMachines/jdk1.8.0_181.jdk/Contents/Home/jre/lib"/>
    <property name="java.vm.version" value="25.181-b13"/>
    <property name="gopherProxySet" value="false"/>
    <property name="java.vm.vendor" value="Oracle Corporation"/>
    <property name="maven.multiModuleProjectDirectory" value="/Users/qianqianzhu/phd/testability/ast/project/commons-lang-LANG_3_7"/>
    <property name="java.vendor.url" value="http://java.oracle.com/"/>
    <property name="path.separator" value=":"/>
    <property name="guice.disable.misplaced.annotation.check" value="true"/>
    <property name="java.vm.name" value="Java HotSpot(TM) 64-Bit Server VM"/>
    <property name="file.encoding.pkg" value="sun.io"/>
    <property name="user.country" value="NL"/>
    <property name="sun.java.launcher" value="SUN_STANDARD"/>
    <property name="sun.os.patch.level" value="unknown"/>
    <property name="java.vm.specification.name" value="Java Virtual Machine Specification"/>
    <property name="user.dir" value="/Users/qianqianzhu/phd/testability/ast/project/commons-lang-LANG_3_7"/>
    <property name="java.runtime.version" value="1.8.0_181-b13"/>
    <property name="java.awt.graphicsenv" value="sun.awt.CGraphicsEnvironment"/>
    <property name="java.endorsed.dirs" value="/Library/Java/JavaVirtualMachines/jdk1.8.0_181.jdk/Contents/Home/jre/lib/endorsed"/>
    <property name="os.arch" value="x86_64"/>
    <property name="java.io.tmpdir" value="/var/folders/9h/p56gkrb53hv983vj077k6tbr0000gn/T/"/>
    <property name="line.separator" value="&#10;"/>
    <property name="java.vm.specification.vendor" value="Oracle Corporation"/>
    <property name="os.name" value="Mac OS X"/>
    <property name="classworlds.conf" value="/usr/local/Cellar/maven/3.5.4/libexec/bin/m2.conf"/>
    <property name="sun.jnu.encoding" value="UTF-8"/>
    <property name="java.library.path" value="/Users/qianqianzhu/Library/Java/Extensions:/Library/Java/Extensions:/Network/Library/Java/Extensions:/System/Library/Java/Extensions:/usr/lib/java:."/>
    <property name="maven.conf" value="/usr/local/Cellar/maven/3.5.4/libexec/conf"/>
    <property name="java.specification.name" value="Java Platform API Specification"/>
    <property name="java.class.version" value="52.0"/>
    <property name="sun.management.compiler" value="HotSpot 64-Bit Tiered Compilers"/>
    <property name="os.version" value="10.13.6"/>
    <property name="library.jansi.path" value="/usr/local/Cellar/maven/3.5.4/libexec/lib/jansi-native"/>
    <property name="http.nonProxyHosts" value="local|*.local|169.254/16|*.169.254/16"/>
    <property name="user.home" value="/Users/qianqianzhu"/>
    <property name="user.timezone" value="Europe/Amsterdam"/>
    <property name="java.awt.printerjob" value="sun.lwawt.macosx.CPrinterJob"/>
    <property name="java.specification.version" value="1.8"/>
    <property name="file.encoding" value="UTF-8"/>
    <property name="user.name" value="qianqianzhu"/>
    <property name="java.class.path" value="/usr/local/Cellar/maven/3.5.4/libexec/boot/plexus-classworlds-2.5.2.jar"/>
    <property name="java.vm.specification.version" value="1.8"/>
    <property name="sun.arch.data.model" value="64"/>
    <property name="java.home" value="/Library/Java/JavaVirtualMachines/jdk1.8.0_181.jdk/Contents/Home/jre"/>
    <property name="sun.java.command" value="org.codehaus.plexus.classworlds.launcher.Launcher package"/>
    <property name="java.specification.vendor" value="Oracle Corporation"/>
    <property name="user.language" value="en"/>
    <property name="awt.toolkit" value="sun.lwawt.macosx.LWCToolkit"/>
    <property name="java.vm.info" value="mixed mode"/>
    <property name="java.version" value="1.8.0_181"/>
    <property name="java.ext.dirs" value="/Users/qianqianzhu/Library/Java/Extensions:/Library/Java/JavaVirtualMachines/jdk1.8.0_181.jdk/Contents/Home/jre/lib/ext:/Library/Java/Extensions:/Network/Library/Java/Extensions:/System/Library/Java/Extensions:/usr/lib/java"/>
    <property name="sun.boot.class.path" value="/Library/Java/JavaVirtualMachines/jdk1.8.0_181.jdk/Contents/Home/jre/lib/resources.jar:/Library/Java/JavaVirtualMachines/jdk1.8.0_181.jdk/Contents/Home/jre/lib/rt.jar:/Library/Java/JavaVirtualMachines/jdk1.8.0_181.jdk/Contents/Home/jre/lib/sunrsasign.jar:/Library/Java/JavaVirtualMachines/jdk1.8.0_181.jdk/Contents/Home/jre/lib/jsse.jar:/Library/Java/JavaVirtualMachines/jdk1.8.0_181.jdk/Contents/Home/jre/lib/jce.jar:/Library/Java/JavaVirtualMachines/jdk1.8.0_181.jdk/Contents/Home/jre/lib/charsets.jar:/Library/Java/JavaVirtualMachines/jdk1.8.0_181.jdk/Contents/Home/jre/lib/jfr.jar:/Library/Java/JavaVirtualMachines/jdk1.8.0_181.jdk/Contents/Home/jre/classes"/>
    <property name="java.vendor" value="Oracle Corporation"/>
    <property name="maven.home" value="/usr/local/Cellar/maven/3.5.4/libexec"/>
    <property name="file.separator" value="/"/>
    <property name="java.vendor.url.bug" value="http://bugreport.sun.com/bugreport/"/>
    <property name="sun.cpu.endian" value="little"/>
    <property name="sun.io.unicode.encoding" value="UnicodeBig"/>
    <property name="socksNonProxyHosts" value="local|*.local|169.254/16|*.169.254/16"/>
    <property name="ftp.nonProxyHosts" value="local|*.local|169.254/16|*.169.254/16"/>
    <property name="sun.cpu.isalist" value=""/>
  </properties>
  <testcase name="testSubstitutePreserveEscape" classname="org.apache.commons.lang3.text.StrSubstitutorTest" time="0"/>
  <testcase name="testReplaceEscaping" classname="org.apache.commons.lang3.text.StrSubstitutorTest" time="0"/>
  <testcase name="testReplaceSoloEscaping" classname="org.apache.commons.lang3.text.StrSubstitutorTest" time="0"/>
  <testcase name="testSubstituteDefaultProperties" classname="org.apache.commons.lang3.text.StrSubstitutorTest" time="0"/>
  <testcase name="testReplaceNoPrefixSuffix" classname="org.apache.commons.lang3.text.StrSubstitutorTest" time="0"/>
  <testcase name="testCyclicReplacement" classname="org.apache.commons.lang3.text.StrSubstitutorTest" time="0"/>
  <testcase name="testReplaceToIdentical" classname="org.apache.commons.lang3.text.StrSubstitutorTest" time="0.001"/>
  <testcase name="testReplaceSimple" classname="org.apache.commons.lang3.text.StrSubstitutorTest" time="0"/>
  <testcase name="testStaticReplacePrefixSuffix" classname="org.apache.commons.lang3.text.StrSubstitutorTest" time="0"/>
  <testcase name="testReplaceRecursive" classname="org.apache.commons.lang3.text.StrSubstitutorTest" time="0.002"/>
  <testcase name="testConstructorMapPrefixSuffix" classname="org.apache.commons.lang3.text.StrSubstitutorTest" time="0.001"/>
  <testcase name="testSamePrefixAndSuffix" classname="org.apache.commons.lang3.text.StrSubstitutorTest" time="0"/>
  <testcase name="testStaticReplace" classname="org.apache.commons.lang3.text.StrSubstitutorTest" time="0"/>
  <testcase name="testReplaceUnknownKey" classname="org.apache.commons.lang3.text.StrSubstitutorTest" time="0.001"/>
  <testcase name="testReplaceNoPrefixNoSuffix" classname="org.apache.commons.lang3.text.StrSubstitutorTest" time="0"/>
  <testcase name="testStaticReplaceSystemProperties" classname="org.apache.commons.lang3.text.StrSubstitutorTest" time="0.001"/>
  <testcase name="testReplaceInVariableRecursive" classname="org.apache.commons.lang3.text.StrSubstitutorTest" time="0"/>
  <testcase name="testConstructorNoArgs" classname="org.apache.commons.lang3.text.StrSubstitutorTest" time="0"/>
  <testcase name="testReplaceAdjacentAtEnd" classname="org.apache.commons.lang3.text.StrSubstitutorTest" time="0"/>
  <testcase name="testReplaceNull" classname="org.apache.commons.lang3.text.StrSubstitutorTest" time="0"/>
  <testcase name="testReplaceSolo" classname="org.apache.commons.lang3.text.StrSubstitutorTest" time="0"/>
  <testcase name="testLANG1055" classname="org.apache.commons.lang3.text.StrSubstitutorTest" time="0.001"/>
  <testcase name="testReplaceChangedMap" classname="org.apache.commons.lang3.text.StrSubstitutorTest" time="0"/>
  <testcase name="testReplaceWeirdPattens" classname="org.apache.commons.lang3.text.StrSubstitutorTest" time="0"/>
  <testcase name="testReplaceEmptyKeys" classname="org.apache.commons.lang3.text.StrSubstitutorTest" time="0"/>
  <testcase name="testDefaultValueDelimiters" classname="org.apache.commons.lang3.text.StrSubstitutorTest" time="0"/>
  <testcase name="testReplaceNoVariables" classname="org.apache.commons.lang3.text.StrSubstitutorTest" time="0"/>
  <testcase name="testReplaceComplexEscaping" classname="org.apache.commons.lang3.text.StrSubstitutorTest" time="0"/>
  <testcase name="testReplaceInVariable" classname="org.apache.commons.lang3.text.StrSubstitutorTest" time="0"/>
  <testcase name="testReplacePrefixNoSuffix" classname="org.apache.commons.lang3.text.StrSubstitutorTest" time="0"/>
  <testcase name="testResolveVariable" classname="org.apache.commons.lang3.text.StrSubstitutorTest" time="0"/>
  <testcase name="testGetSetValueDelimiter" classname="org.apache.commons.lang3.text.StrSubstitutorTest" time="0"/>
  <testcase name="testReplaceInVariableDisabled" classname="org.apache.commons.lang3.text.StrSubstitutorTest" time="0"/>
  <testcase name="testReplaceIncompletePrefix" classname="org.apache.commons.lang3.text.StrSubstitutorTest" time="0"/>
  <testcase name="testGetSetEscape" classname="org.apache.commons.lang3.text.StrSubstitutorTest" time="0"/>
  <testcase name="testReplaceAdjacentAtStart" classname="org.apache.commons.lang3.text.StrSubstitutorTest" time="0"/>
  <testcase name="testReplaceEmpty" classname="org.apache.commons.lang3.text.StrSubstitutorTest" time="0"/>
  <testcase name="testGetSetPrefix" classname="org.apache.commons.lang3.text.StrSubstitutorTest" time="0"/>
  <testcase name="testConstructorMapFull" classname="org.apache.commons.lang3.text.StrSubstitutorTest" time="0"/>
  <testcase name="testGetSetSuffix" classname="org.apache.commons.lang3.text.StrSubstitutorTest" time="0"/>
  <testcase name="testReplacePartialString_noReplace" classname="org.apache.commons.lang3.text.StrSubstitutorTest" time="0"/>
</testsuite>